TN:
SF:src/app.ts
FNF:0
FNH:0
DA:1,1
DA:2,1
DA:3,1
DA:4,1
DA:5,1
DA:6,1
DA:7,1
DA:8,1
DA:9,1
DA:10,1
DA:11,1
DA:12,1
DA:13,1
DA:14,0
DA:15,1
DA:16,1
DA:17,1
DA:18,1
DA:19,1
LF:19
LH:18
BRF:0
BRH:0
end_of_record
TN:
SF:src/data-source.ts
FNF:0
FNH:0
DA:1,1
DA:2,1
DA:3,1
DA:4,1
DA:5,1
DA:6,1
DA:7,1
DA:8,1
DA:9,1
DA:10,1
DA:11,1
DA:12,1
DA:13,0
DA:14,0
DA:15,0
DA:16,0
DA:17,0
DA:18,0
DA:19,0
DA:20,0
DA:21,0
DA:22,0
DA:23,0
DA:24,0
DA:25,0
DA:26,0
DA:27,0
DA:28,0
DA:29,0
DA:30,1
LF:30
LH:13
BRDA:12,0,0,0
BRF:1
BRH:0
end_of_record
TN:
SF:src/__tests__/utils.ts
FNF:0
FNH:0
DA:1,1
DA:2,1
DA:3,1
DA:4,1
DA:5,1
DA:6,1
DA:7,1
DA:8,1
DA:9,1
DA:10,1
DA:11,1
DA:12,1
DA:13,1
DA:14,1
DA:15,1
DA:16,1
DA:17,1
DA:18,1
DA:19,1
DA:20,1
DA:21,1
DA:22,1
DA:23,1
DA:24,1
DA:25,1
DA:26,1
DA:27,1
DA:28,1
DA:29,1
DA:30,1
DA:31,1
DA:32,1
DA:33,1
DA:34,1
DA:35,1
DA:36,1
DA:37,1
DA:38,1
DA:39,1
DA:40,1
DA:41,1
DA:42,1
DA:43,1
DA:44,1
DA:45,1
DA:46,1
DA:47,1
DA:48,1
DA:49,1
DA:50,1
DA:51,1
DA:52,1
DA:53,1
DA:54,1
DA:55,1
DA:56,1
DA:57,1
DA:58,1
DA:59,1
DA:60,1
DA:61,1
LF:61
LH:61
BRF:0
BRH:0
end_of_record
TN:
SF:src/controllers/CharacterControllers.controller.ts
FN:7,store
FN:43,index
FN:50,show
FN:61,delete
FNF:4
FNH:4
FNDA:4,store
FNDA:1,index
FNDA:2,show
FNDA:3,delete
DA:1,1
DA:2,1
DA:3,1
DA:4,1
DA:5,1
DA:6,1
DA:7,1
DA:8,4
DA:9,4
DA:10,4
DA:11,4
DA:12,4
DA:13,4
DA:14,4
DA:15,4
DA:16,4
DA:17,4
DA:18,4
DA:19,4
DA:20,4
DA:21,4
DA:22,4
DA:23,4
DA:24,4
DA:25,4
DA:26,4
DA:27,4
DA:28,4
DA:29,4
DA:30,4
DA:31,4
DA:32,4
DA:33,4
DA:34,4
DA:35,4
DA:36,4
DA:37,4
DA:38,4
DA:39,4
DA:40,1
DA:41,1
DA:42,1
DA:43,1
DA:44,1
DA:45,1
DA:46,1
DA:47,1
DA:48,1
DA:49,1
DA:50,1
DA:51,2
DA:52,2
DA:53,2
DA:54,2
DA:55,2
DA:56,2
DA:57,2
DA:58,1
DA:59,1
DA:60,1
DA:61,1
DA:62,3
DA:63,3
DA:64,3
DA:65,3
DA:66,3
DA:67,3
DA:68,3
DA:69,3
DA:70,1
DA:71,1
DA:72,1
DA:73,1
LF:73
LH:73
BRDA:7,0,0,4
BRDA:40,1,0,1
BRDA:43,2,0,1
BRDA:50,3,0,2
BRDA:58,4,0,1
BRDA:61,5,0,3
BRDA:70,6,0,1
BRF:7
BRH:7
end_of_record
TN:
SF:src/controllers/SessionsControllers.controller.ts
FN:5,store
FNF:1
FNH:1
FNDA:5,store
DA:1,1
DA:2,1
DA:3,1
DA:4,1
DA:5,1
DA:6,5
DA:7,5
DA:8,5
DA:9,5
DA:10,5
DA:11,5
DA:12,5
DA:13,5
DA:14,1
LF:14
LH:14
BRDA:5,0,0,5
BRF:1
BRH:1
end_of_record
TN:
SF:src/controllers/UserControllers.controller.ts
FN:10,store
FN:19,index
FN:26,show
FN:35,update
FN:45,delete
FNF:5
FNH:5
FNDA:3,store
FNDA:1,index
FNDA:2,show
FNDA:3,update
FNDA:1,delete
DA:1,1
DA:2,1
DA:3,1
DA:4,1
DA:5,1
DA:6,1
DA:7,1
DA:8,1
DA:9,1
DA:10,1
DA:11,3
DA:12,3
DA:13,3
DA:14,3
DA:15,3
DA:16,3
DA:17,3
DA:18,3
DA:19,1
DA:20,1
DA:21,1
DA:22,1
DA:23,1
DA:24,1
DA:25,1
DA:26,1
DA:27,2
DA:28,2
DA:29,2
DA:30,2
DA:31,2
DA:32,2
DA:33,2
DA:34,2
DA:35,1
DA:36,3
DA:37,3
DA:38,3
DA:39,3
DA:40,3
DA:41,3
DA:42,3
DA:43,3
DA:44,3
DA:45,1
DA:46,1
DA:47,1
DA:48,1
DA:49,1
DA:50,1
DA:51,1
DA:52,1
DA:53,1
DA:54,1
LF:54
LH:54
BRDA:10,0,0,3
BRDA:19,1,0,1
BRDA:26,2,0,2
BRDA:35,3,0,3
BRDA:45,4,0,1
BRF:5
BRH:5
end_of_record
TN:
SF:src/errors/ApiError.ts
FN:6,ApiError
FNF:1
FNH:1
FNDA:17,ApiError
DA:1,1
DA:2,1
DA:3,1
DA:4,1
DA:5,1
DA:6,1
DA:7,17
DA:8,17
DA:9,17
DA:10,1
LF:10
LH:10
BRDA:6,0,0,17
BRF:1
BRH:1
end_of_record
TN:
SF:src/middlewares/EnsureJWT.middleware.ts
FN:5,ensureJWTMiddleware
FNF:1
FNH:1
FNDA:24,ensureJWTMiddleware
DA:1,1
DA:2,1
DA:3,1
DA:4,1
DA:5,1
DA:6,24
DA:7,24
DA:8,24
DA:9,24
DA:10,24
DA:11,24
DA:12,24
DA:13,7
DA:14,7
DA:15,24
DA:16,24
DA:17,24
DA:18,24
DA:19,24
DA:20,24
DA:21,24
DA:22,24
DA:23,24
DA:24,24
DA:25,24
DA:26,24
DA:27,24
DA:28,24
DA:29,24
DA:30,24
DA:31,0
DA:32,0
DA:33,24
DA:34,1
DA:35,1
LF:35
LH:33
BRDA:5,0,0,24
BRDA:12,1,0,7
BRDA:17,2,0,0
BRDA:17,3,0,17
BRDA:19,4,0,0
BRDA:30,5,0,0
BRF:6
BRH:3
end_of_record
TN:
SF:src/middlewares/ErrorHandling.middleware.ts
FN:4,ErrorHandlingMiddleware
FNF:1
FNH:1
FNDA:17,ErrorHandlingMiddleware
DA:1,1
DA:2,1
DA:3,1
DA:4,1
DA:5,17
DA:6,17
DA:7,17
DA:8,17
DA:9,17
DA:10,17
DA:11,17
DA:12,17
DA:13,17
DA:14,17
DA:15,17
DA:16,17
DA:17,17
DA:18,17
DA:19,17
DA:20,17
DA:21,17
DA:22,17
DA:23,17
DA:24,1
LF:24
LH:24
BRDA:4,0,0,17
BRF:1
BRH:1
end_of_record
TN:
SF:src/models/Character.ts
FNF:0
FNH:0
DA:1,1
DA:2,1
DA:3,1
DA:4,1
DA:5,1
DA:6,1
DA:7,1
DA:8,1
DA:9,1
DA:10,1
DA:11,1
DA:12,1
DA:13,1
DA:14,1
DA:15,1
DA:16,1
DA:17,1
DA:18,1
DA:19,1
DA:20,1
DA:21,1
DA:22,1
DA:23,1
DA:24,1
DA:25,1
DA:26,1
DA:27,1
DA:28,1
DA:29,1
DA:30,1
DA:31,1
DA:32,1
DA:33,1
DA:34,1
DA:35,1
DA:36,1
DA:37,1
DA:38,1
DA:39,1
DA:40,1
DA:41,1
DA:42,1
DA:43,1
DA:44,1
DA:45,1
DA:46,1
DA:47,1
DA:48,1
DA:49,1
DA:50,1
LF:50
LH:50
BRDA:46,0,0,10
BRF:1
BRH:1
end_of_record
TN:
SF:src/models/User.ts
FN:30,Object.<anonymous>.__decorate.eager
FN:30,Object.<anonymous>.__decorate.eager
FNF:2
FNH:2
FNDA:10,Object.<anonymous>.__decorate.eager
FNDA:10,Object.<anonymous>.__decorate.eager
DA:1,1
DA:2,1
DA:3,1
DA:4,1
DA:5,1
DA:6,1
DA:7,1
DA:8,1
DA:9,1
DA:10,1
DA:11,1
DA:12,1
DA:13,1
DA:14,1
DA:15,1
DA:16,1
DA:17,1
DA:18,1
DA:19,1
DA:20,1
DA:21,1
DA:22,1
DA:23,1
DA:24,1
DA:25,1
DA:26,1
DA:27,1
DA:28,1
DA:29,1
DA:30,1
DA:31,1
DA:32,1
DA:33,1
DA:34,1
DA:35,1
DA:36,1
LF:36
LH:36
BRDA:30,0,0,10
BRDA:30,1,0,10
BRF:2
BRH:2
end_of_record
TN:
SF:src/routes/characters.routes.ts
FNF:0
FNH:0
DA:1,1
DA:2,1
DA:3,1
DA:4,1
DA:5,1
DA:6,1
DA:7,1
DA:8,1
DA:9,1
DA:10,1
DA:11,1
DA:12,1
DA:13,1
DA:14,1
LF:14
LH:14
BRF:0
BRH:0
end_of_record
TN:
SF:src/routes/index.ts
FNF:0
FNH:0
DA:1,1
DA:2,1
DA:3,1
DA:4,1
DA:5,1
DA:6,1
DA:7,1
DA:8,1
DA:9,1
DA:10,1
DA:11,1
DA:12,1
LF:12
LH:12
BRF:0
BRH:0
end_of_record
TN:
SF:src/routes/sessions.routes.ts
FNF:0
FNH:0
DA:1,1
DA:2,1
DA:3,1
DA:4,1
DA:5,1
DA:6,1
DA:7,1
DA:8,1
DA:9,1
DA:10,1
DA:11,1
DA:12,1
DA:13,1
DA:14,1
DA:15,1
DA:16,1
LF:16
LH:16
BRF:0
BRH:0
end_of_record
TN:
SF:src/routes/users.routes.ts
FNF:0
FNH:0
DA:1,1
DA:2,1
DA:3,1
DA:4,1
DA:5,1
DA:6,1
DA:7,1
DA:8,1
DA:9,1
DA:10,1
DA:11,1
DA:12,1
DA:13,1
DA:14,1
DA:15,1
DA:16,1
DA:17,1
DA:18,1
DA:19,1
DA:20,1
DA:21,1
DA:22,1
DA:23,1
DA:24,1
DA:25,1
DA:26,1
DA:27,1
DA:28,1
DA:29,1
DA:30,1
DA:31,1
DA:32,1
LF:32
LH:32
BRF:0
BRH:0
end_of_record
TN:
SF:src/services/characters/CreateCharacter.service.ts
FN:8,execute
FNF:1
FNH:1
FNDA:5,execute
DA:1,1
DA:2,1
DA:3,1
DA:4,1
DA:5,1
DA:6,1
DA:7,1
DA:8,1
DA:9,5
DA:10,5
DA:11,5
DA:12,5
DA:13,5
DA:14,5
DA:15,5
DA:16,5
DA:17,5
DA:18,5
DA:19,5
DA:20,5
DA:21,5
DA:22,5
DA:23,5
DA:24,5
DA:25,5
DA:26,5
DA:27,5
DA:28,5
DA:29,5
DA:30,5
DA:31,5
DA:32,5
DA:33,5
DA:34,5
DA:35,5
DA:36,5
DA:37,5
DA:38,5
DA:39,5
DA:40,5
DA:41,5
DA:42,5
DA:43,5
DA:44,5
DA:45,5
DA:46,5
DA:47,5
DA:48,5
DA:49,5
DA:50,5
DA:51,5
DA:52,1
LF:52
LH:52
BRDA:8,0,0,5
BRDA:31,1,0,3
BRF:2
BRH:2
end_of_record
TN:
SF:src/services/characters/DeleteCharacter.service.ts
FN:7,execute
FNF:1
FNH:1
FNDA:4,execute
DA:1,1
DA:2,1
DA:3,1
DA:4,1
DA:5,1
DA:6,1
DA:7,1
DA:8,4
DA:9,4
DA:10,4
DA:11,4
DA:12,4
DA:13,4
DA:14,4
DA:15,4
DA:16,4
DA:17,4
DA:18,4
DA:19,4
DA:20,1
DA:21,1
DA:22,1
DA:23,2
DA:24,2
DA:25,2
DA:26,2
DA:27,2
DA:28,1
LF:28
LH:28
BRDA:7,0,0,4
BRDA:16,1,0,1
BRDA:19,2,0,2
BRDA:19,3,0,1
BRF:4
BRH:4
end_of_record
TN:
SF:src/services/characters/ListCharacters.service.ts
FN:5,execute
FNF:1
FNH:1
FNDA:1,execute
DA:1,1
DA:2,1
DA:3,1
DA:4,1
DA:5,1
DA:6,1
DA:7,1
DA:8,1
DA:9,1
DA:10,1
LF:10
LH:10
BRDA:5,0,0,1
BRF:1
BRH:1
end_of_record
TN:
SF:src/services/characters/RetrieveCharacter.service.ts
FN:7,execute
FNF:1
FNH:1
FNDA:2,execute
DA:1,1
DA:2,1
DA:3,1
DA:4,1
DA:5,1
DA:6,1
DA:7,1
DA:8,2
DA:9,2
DA:10,2
DA:11,2
DA:12,2
DA:13,2
DA:14,2
DA:15,2
DA:16,2
DA:17,1
DA:18,1
DA:19,1
DA:20,1
LF:20
LH:20
BRDA:7,0,0,2
BRDA:16,1,0,1
BRF:2
BRH:2
end_of_record
TN:
SF:src/services/sessions/UserLogin.service.ts
FN:13,execute
FNF:1
FNH:1
FNDA:5,execute
DA:1,1
DA:2,1
DA:3,1
DA:4,1
DA:5,1
DA:6,1
DA:7,1
DA:8,1
DA:9,1
DA:10,1
DA:11,1
DA:12,1
DA:13,1
DA:14,5
DA:15,5
DA:16,5
DA:17,5
DA:18,5
DA:19,5
DA:20,5
DA:21,5
DA:22,5
DA:23,5
DA:24,0
DA:25,0
DA:26,5
DA:27,5
DA:28,5
DA:29,5
DA:30,1
DA:31,1
DA:32,4
DA:33,5
DA:34,5
DA:35,5
DA:36,5
DA:37,5
DA:38,5
DA:39,5
DA:40,5
DA:41,5
DA:42,5
DA:43,1
LF:43
LH:41
BRDA:13,0,0,5
BRDA:23,1,0,0
BRDA:29,2,0,4
BRDA:29,3,0,1
BRDA:33,4,0,0
BRF:5
BRH:3
end_of_record
TN:
SF:src/services/users/CreateUser.service.ts
FN:8,execute
FNF:1
FNH:1
FNDA:4,execute
DA:1,1
DA:2,1
DA:3,1
DA:4,1
DA:5,1
DA:6,1
DA:7,1
DA:8,1
DA:9,4
DA:10,4
DA:11,4
DA:12,4
DA:13,4
DA:14,1
DA:15,1
DA:16,3
DA:17,3
DA:18,3
DA:19,3
DA:20,3
DA:21,3
DA:22,3
DA:23,3
DA:24,3
DA:25,3
DA:26,3
DA:27,3
DA:28,3
DA:29,1
LF:29
LH:29
BRDA:8,0,0,4
BRDA:13,1,0,3
BRDA:13,2,0,1
BRF:3
BRH:3
end_of_record
TN:
SF:src/services/users/DeleteUser.service.ts
FN:7,execute
FNF:1
FNH:1
FNDA:2,execute
DA:1,1
DA:2,1
DA:3,1
DA:4,1
DA:5,1
DA:6,1
DA:7,1
DA:8,2
DA:9,2
DA:10,2
DA:11,2
DA:12,2
DA:13,2
DA:14,2
DA:15,2
DA:16,2
DA:17,2
DA:18,2
DA:19,2
DA:20,2
DA:21,2
DA:22,1
LF:22
LH:22
BRDA:7,0,0,2
BRDA:16,1,0,0
BRF:2
BRH:1
end_of_record
TN:
SF:src/services/users/ListUsers.service.ts
FN:5,execute
FNF:1
FNH:1
FNDA:2,execute
DA:1,1
DA:2,1
DA:3,1
DA:4,1
DA:5,1
DA:6,2
DA:7,2
DA:8,2
DA:9,2
DA:10,2
DA:11,2
DA:12,1
LF:12
LH:12
BRDA:5,0,0,2
BRF:1
BRH:1
end_of_record
TN:
SF:src/services/users/RetrieveUser.service.ts
FN:7,execute
FNF:1
FNH:1
FNDA:3,execute
DA:1,1
DA:2,1
DA:3,1
DA:4,1
DA:5,1
DA:6,1
DA:7,1
DA:8,3
DA:9,3
DA:10,3
DA:11,3
DA:12,3
DA:13,3
DA:14,3
DA:15,3
DA:16,3
DA:17,3
DA:18,3
DA:19,3
DA:20,1
LF:20
LH:20
BRDA:7,0,0,3
BRDA:16,1,0,0
BRF:2
BRH:1
end_of_record
TN:
SF:src/services/users/UpdateUser.service.ts
FN:8,execute
FNF:1
FNH:1
FNDA:4,execute
DA:1,1
DA:2,1
DA:3,1
DA:4,1
DA:5,1
DA:6,1
DA:7,1
DA:8,1
DA:9,4
DA:10,4
DA:11,4
DA:12,4
DA:13,4
DA:14,4
DA:15,4
DA:16,4
DA:17,4
DA:18,4
DA:19,4
DA:20,4
DA:21,4
DA:22,4
DA:23,4
DA:24,4
DA:25,4
DA:26,3
DA:27,3
DA:28,3
DA:29,3
DA:30,3
DA:31,3
DA:32,3
DA:33,3
DA:34,3
DA:35,3
DA:36,1
DA:37,1
DA:38,2
DA:39,2
DA:40,2
DA:41,4
DA:42,4
DA:43,4
DA:44,4
DA:45,4
DA:46,1
LF:46
LH:46
BRDA:8,0,0,4
BRDA:23,1,0,0
BRDA:25,2,0,3
BRDA:27,3,0,2
BRDA:27,4,0,1
BRDA:28,5,0,0
BRDA:35,6,0,2
BRDA:35,7,0,1
BRF:8
BRH:6
end_of_record
TN:
SF:src/validations/userCreation.validation.ts
FN:18,validateUserCreation
FNF:1
FNH:1
FNDA:3,validateUserCreation
DA:1,1
DA:2,1
DA:3,1
DA:4,1
DA:5,1
DA:6,1
DA:7,1
DA:8,1
DA:9,1
DA:10,1
DA:11,1
DA:12,1
DA:13,1
DA:14,1
DA:15,1
DA:16,1
DA:17,1
DA:18,1
DA:19,3
DA:20,3
DA:21,3
DA:22,3
DA:23,3
DA:24,3
DA:25,3
DA:26,3
DA:27,3
DA:28,3
DA:29,3
DA:30,3
DA:31,3
DA:32,0
DA:33,0
DA:34,0
DA:35,0
DA:36,0
DA:37,3
DA:38,0
DA:39,0
DA:40,3
LF:40
LH:33
BRDA:18,0,0,3
BRDA:19,1,0,3
BRDA:19,2,0,3
BRDA:31,3,0,0
BRDA:37,4,0,0
BRF:5
BRH:3
end_of_record
TN:
SF:src/validations/userLogin.validation.ts
FN:12,validateUserLogin
FNF:1
FNH:1
FNDA:3,validateUserLogin
DA:1,1
DA:2,1
DA:3,1
DA:4,1
DA:5,1
DA:6,1
DA:7,1
DA:8,1
DA:9,1
DA:10,1
DA:11,1
DA:12,1
DA:13,3
DA:14,6
DA:15,6
DA:16,6
DA:17,6
DA:18,6
DA:19,6
DA:20,6
DA:21,6
DA:22,5
DA:23,5
DA:24,5
DA:25,6
DA:26,1
DA:27,1
DA:28,1
DA:29,1
DA:30,1
DA:31,6
DA:32,0
DA:33,0
DA:34,6
LF:34
LH:32
BRDA:12,0,0,3
BRDA:13,1,0,6
BRDA:13,2,0,6
BRDA:22,3,0,5
BRDA:25,4,0,1
BRDA:28,5,0,0
BRDA:31,6,0,0
BRF:7
BRH:5
end_of_record
TN:
SF:src/validations/userUpdate.validation.ts
FN:15,validateUserUpdate
FNF:1
FNH:1
FNDA:3,validateUserUpdate
DA:1,1
DA:2,1
DA:3,1
DA:4,1
DA:5,1
DA:6,1
DA:7,1
DA:8,1
DA:9,1
DA:10,1
DA:11,1
DA:12,1
DA:13,1
DA:14,1
DA:15,1
DA:16,3
DA:17,4
DA:18,4
DA:19,4
DA:20,4
DA:21,4
DA:22,4
DA:23,4
DA:24,4
DA:25,4
DA:26,4
DA:27,4
DA:28,4
DA:29,1
DA:30,1
DA:31,1
DA:32,1
DA:33,1
DA:34,4
DA:35,0
DA:36,0
DA:37,4
LF:37
LH:35
BRDA:15,0,0,3
BRDA:16,1,0,4
BRDA:16,2,0,4
BRDA:28,3,0,1
BRDA:31,4,0,0
BRDA:34,5,0,0
BRF:6
BRH:4
end_of_record
